------------------- DYNAMIC ARRAY TEST ------------------
TEST SIZE: 1000000

VECTOR VALIDATION RESULT - PASS! - Time: 30 ms
CUSTOM VALIDATION RESULT - PASS! - Time: 19 ms

----------------------- HEAP TEST -----------------------
TEST SIZE: 1000000

STL PQ VALIDATION RESULT - PASS! - Time: 1485 ms
NAIVE PQ VALIDATION RESULT - PASS! - Time: 347 ms
MODERATE PQ VALIDATION RESULT - PASS! - Time: 272 ms
FAST PQ VALIDATION RESULT - PASS! - Time: 224 ms

----------------------- SORT TEST -----------------------
N^2 logic TEST SIZE: 10000

STD::SORT - Time: 1 ms
BUBBLE SORT VALIDATION RESULT - PASS! - Time: 318 ms
INSERTION SORT VALIDATION RESULT - PASS! - Time: 190 ms
INSERTION SORT 2 VALIDATION RESULT - PASS! - Time: 48 ms

-
ADVANCED TEST SIZE: 1000000

STD::SORT - Time: 258 ms
QUICK SORT VALIDATION RESULT - PASS! - Time: 140 ms
MERGE SORT VALIDATION RESULT - PASS! - Time: 161 ms
MERGE SORT 2 VALIDATION RESULT - PASS! - Time: 172 ms
BUCKET SORT VALIDATION RESULT - PASS! - Time: 58 ms
---------------------------------------------------------
