------------------- DYNAMIC ARRAY TEST ------------------
TEST SIZE: 1000000

VECTOR VALIDATION RESULT - PASS! - Time: 32 ms
CUSTOM VALIDATION RESULT - PASS! - Time: 23 ms

----------------------- HEAP TEST -----------------------
TEST SIZE: 1000000

STL PQ VALIDATION RESULT - PASS! - Time: 1697 ms
NAIVE PQ VALIDATION RESULT - PASS! - Time: 332 ms
MODERATE PQ VALIDATION RESULT - PASS! - Time: 282 ms
FAST PQ VALIDATION RESULT - PASS! - Time: 209 ms

----------------------- SORT TEST -----------------------
N^2 logic TEST SIZE: 10000

STD::SORT - Time: 2 ms
BUBBLE SORT VALIDATION RESULT - PASS! - Time: 351 ms
INSERTION SORT VALIDATION RESULT - PASS! - Time: 182 ms
INSERTION SORT 2 VALIDATION RESULT - PASS! - Time: 46 ms

-
ADVANCED TEST SIZE: 1000000

STD::SORT - Time: 291 ms
QUICK SORT VALIDATION RESULT - PASS! - Time: 175 ms
MERGE SORT VALIDATION RESULT - PASS! - Time: 206 ms
MERGE SORT 2 VALIDATION RESULT - PASS! - Time: 216 ms
BUCKET SORT VALIDATION RESULT - PASS! - Time: 18 ms

-
FLOAT TEST SIZE: 1000000

NORMAL FLOAT SORT VALIDATION RESULT - PASS! - Time: 153 ms
CAST FLOAT SORT VALIDATION RESULT - PASS! - Time: 190 ms
---------------------------------------------------------
