------------------- DYNAMIC ARRAY TEST ------------------
TEST SIZE: 1000000

VECTOR VALIDATION RESULT - PASS! - Time: 32 ms
CUSTOM VALIDATION RESULT - PASS! - Time: 20 ms

----------------------- HEAP TEST -----------------------
TEST SIZE: 1000000

STL PQ VALIDATION RESULT - PASS! - Time: 1652 ms
NAIVE PQ VALIDATION RESULT - PASS! - Time: 355 ms
MODERATE PQ VALIDATION RESULT - PASS! - Time: 299 ms
FAST PQ VALIDATION RESULT - PASS! - Time: 219 ms

----------------------- SORT TEST -----------------------
N^2 logic TEST SIZE: 10000

STD::SORT - Time: 1 ms
BUBBLE SORT VALIDATION RESULT - PASS! - Time: 316 ms
INSERTION SORT VALIDATION RESULT - PASS! - Time: 200 ms
INSERTION SORT 2 VALIDATION RESULT - PASS! - Time: 50 ms

-
ADVANCED TEST SIZE: 1000000

STD::SORT - Time: 292 ms
QUICK SORT VALIDATION RESULT - PASS! - Time: 155 ms
MERGE SORT VALIDATION RESULT - PASS! - Time: 188 ms
MERGE SORT 2 VALIDATION RESULT - PASS! - Time: 193 ms
BUCKET SORT VALIDATION RESULT - PASS! - Time: 59 ms

-
FLOAT TEST SIZE: 1000000

NORMAL FLOAT SORT VALIDATION RESULT - PASS! - Time: 150 ms
CAST FLOAT SORT VALIDATION RESULT - PASS! - Time: 169 ms
---------------------------------------------------------
