------------------- DYNAMIC ARRAY TEST ------------------
TEST SIZE: 1000000

VECTOR VALIDATION RESULT - PASS! - Time: 32 ms
CUSTOM VALIDATION RESULT - PASS! - Time: 23 ms

----------------------- HEAP TEST -----------------------
TEST SIZE: 1000000

STL PQ VALIDATION RESULT - PASS! - Time: 1746 ms
NAIVE PQ VALIDATION RESULT - PASS! - Time: 343 ms
MODERATE PQ VALIDATION RESULT - PASS! - Time: 296 ms
FAST PQ VALIDATION RESULT - PASS! - Time: 252 ms

----------------------- SORT TEST -----------------------
N^2 logic TEST SIZE: 10000

STD::SORT - Time: 2 ms
BUBBLE SORT VALIDATION RESULT - PASS! - Time: 326 ms
INSERTION SORT VALIDATION RESULT - PASS! - Time: 193 ms
INSERTION SORT 2 VALIDATION RESULT - PASS! - Time: 50 ms

-
ADVANCED TEST SIZE: 1000000

STD::SORT - Time: 297 ms
QUICK SORT VALIDATION RESULT - PASS! - Time: 177 ms
MERGE SORT VALIDATION RESULT - PASS! - Time: 206 ms
MERGE SORT 2 VALIDATION RESULT - PASS! - Time: 222 ms
BUCKET SORT VALIDATION RESULT - PASS! - Time: 19 ms
---------------------------------------------------------
