------------------- DYNAMIC ARRAY TEST ------------------
TEST SIZE: 1000000

VECTOR VALIDATION RESULT - PASS! - Time: 26 ms
CUSTOM VALIDATION RESULT - PASS! - Time: 22 ms

----------------------- HEAP TEST -----------------------
TEST SIZE: 1000000

STL PQ VALIDATION RESULT - PASS! - Time: 1748 ms
NAIVE PQ VALIDATION RESULT - PASS! - Time: 341 ms
MODERATE PQ VALIDATION RESULT - PASS! - Time: 293 ms
FAST PQ VALIDATION RESULT - PASS! - Time: 226 ms

----------------------- SORT TEST -----------------------
N^2 logic TEST SIZE: 10000

STD::SORT - Time: 2 ms
BUBBLE SORT VALIDATION RESULT - PASS! - Time: 364 ms
INSERTION SORT VALIDATION RESULT - PASS! - Time: 187 ms
INSERTION SORT 2 VALIDATION RESULT - PASS! - Time: 48 ms

-
ADVANCED TEST SIZE: 1000000

STD::SORT - Time: 289 ms
QUICK SORT VALIDATION RESULT - PASS! - Time: 170 ms
MERGE SORT VALIDATION RESULT - PASS! - Time: 203 ms
MERGE SORT 2 VALIDATION RESULT - PASS! - Time: 208 ms
BUCKET SORT VALIDATION RESULT - PASS! - Time: 19 ms

-
FLOAT TEST SIZE: 1000000

NORMAL FLOAT SORT VALIDATION RESULT - PASS! - Time: 142 ms
CAST FLOAT SORT VALIDATION RESULT - PASS! - Time: 171 ms
---------------------------------------------------------
